[2026-04-12 18:48:12] [DEBUG] Pharmacist message sent. {"pharmacist_id":8888,"contact_id":"200367610600","message_len":2,"pharmacy_id":0}
[2026-04-12 18:50:31] [DEBUG] Pharmacist message sent. {"pharmacist_id":8888,"contact_id":"200367610600","message_len":2,"pharmacy_id":0}
[2026-04-12 19:00:34] [DEBUG] Pharmacist message sent. {"pharmacist_id":8888,"contact_id":"200367610600","message_len":2,"pharmacy_id":0}
[2026-04-12 19:02:33] [DEBUG] Patient message sent. {"patient_nic":"200367610600","message_len":2,"pharmacy_id":4}
[2026-04-12 19:03:25] [DEBUG] Patient message sent. {"patient_nic":"200367610600","message_len":9,"pharmacy_id":4}
[2026-04-12 19:04:07] [DEBUG] Pharmacist message sent. {"pharmacist_id":8888,"contact_id":"200367610600","message_len":2,"pharmacy_id":0}
[2026-04-12 19:20:59] [DEBUG] Pharmacist message sent. {"pharmacist_id":8888,"contact_id":"200367610600","message_len":3,"pharmacy_id":0}
[2026-04-12 19:25:58] [DEBUG] Pharmacist message sent. {"pharmacist_id":8888,"contact_id":"200367610600","message_len":10,"pharmacy_id":0}
[2026-04-12 19:41:33] [DEBUG] Pharmacist message sent. {"pharmacist_id":8888,"contact_id":"200367610600","message_len":3,"pharmacy_id":0}
[2026-04-12 19:49:46] [DEBUG] Pharmacist message sent. {"pharmacist_id":8888,"contact_id":"200367610600","message_len":2,"pharmacy_id":0}
[2026-04-12 20:33:03] [DEBUG] Patient getMessages used fallback without pharmacy filter. {"patient_nic":"200367610600","pharmacy_id":4,"duration_ms":140,"fallback_duration_ms":137,"result_count":1,"pharmacist_count":1}
[2026-04-12 20:33:03] [DEBUG] Patient getMessages completed. {"patient_nic":"200367610600","pharmacy_id":4,"duration_ms":140,"result_count":1,"pharmacist_count":1}
[2026-04-12 20:33:54] [DEBUG] Patient getMessages used fallback without pharmacy filter. {"patient_nic":"200367610600","pharmacy_id":4,"duration_ms":157,"fallback_duration_ms":157,"result_count":1,"pharmacist_count":1}
[2026-04-12 20:33:54] [DEBUG] Patient getMessages completed. {"patient_nic":"200367610600","pharmacy_id":4,"duration_ms":157,"result_count":1,"pharmacist_count":1}
[2026-04-12 20:34:06] [DEBUG] Pharmacist getMessages completed. {"contact_id":"200367610600","type":"patients","duration_ms":164,"pharmacy_id":1}
[2026-04-12 20:34:55] [DEBUG] Pharmacist getMessages completed. {"contact_id":"200367610600","type":"patients","duration_ms":157,"pharmacy_id":1}
[2026-04-12 20:35:04] [DEBUG] Patient getMessages used fallback without pharmacy filter. {"patient_nic":"200367610600","pharmacy_id":4,"duration_ms":136,"fallback_duration_ms":136,"result_count":1,"pharmacist_count":1}
[2026-04-12 20:35:04] [DEBUG] Patient getMessages completed. {"patient_nic":"200367610600","pharmacy_id":4,"duration_ms":136,"result_count":1,"pharmacist_count":1}
[2026-04-12 20:35:53] [DEBUG] Patient getMessages used fallback without pharmacy filter. {"patient_nic":"200367610600","pharmacy_id":4,"duration_ms":143,"fallback_duration_ms":142,"result_count":1,"pharmacist_count":1}
[2026-04-12 20:35:53] [DEBUG] Patient getMessages completed. {"patient_nic":"200367610600","pharmacy_id":4,"duration_ms":143,"result_count":1,"pharmacist_count":1}
[2026-04-12 20:36:04] [DEBUG] Pharmacist getMessages completed. {"contact_id":"200367610600","type":"patients","duration_ms":163,"pharmacy_id":1}
[2026-04-12 20:36:53] [DEBUG] Pharmacist getMessages completed. {"contact_id":"200367610600","type":"patients","duration_ms":141,"pharmacy_id":1}
[2026-04-12 20:37:03] [DEBUG] Patient getMessages used fallback without pharmacy filter. {"patient_nic":"200367610600","pharmacy_id":4,"duration_ms":138,"fallback_duration_ms":138,"result_count":1,"pharmacist_count":1}
[2026-04-12 20:37:03] [DEBUG] Patient getMessages completed. {"patient_nic":"200367610600","pharmacy_id":4,"duration_ms":138,"result_count":1,"pharmacist_count":1}
[2026-04-12 20:37:54] [DEBUG] Pharmacist getMessages completed. {"contact_id":"200367610600","type":"patients","duration_ms":145,"pharmacy_id":1}
[2026-04-12 20:38:03] [DEBUG] Patient getMessages used fallback without pharmacy filter. {"patient_nic":"200367610600","pharmacy_id":4,"duration_ms":140,"fallback_duration_ms":140,"result_count":1,"pharmacist_count":1}
[2026-04-12 20:38:03] [DEBUG] Patient getMessages completed. {"patient_nic":"200367610600","pharmacy_id":4,"duration_ms":140,"result_count":1,"pharmacist_count":1}
[2026-04-12 20:38:53] [DEBUG] Patient getMessages used fallback without pharmacy filter. {"patient_nic":"200367610600","pharmacy_id":4,"duration_ms":138,"fallback_duration_ms":137,"result_count":1,"pharmacist_count":1}
[2026-04-12 20:38:53] [DEBUG] Patient getMessages completed. {"patient_nic":"200367610600","pharmacy_id":4,"duration_ms":138,"result_count":1,"pharmacist_count":1}
[2026-04-12 20:39:04] [DEBUG] Pharmacist getMessages completed. {"contact_id":"200367610600","type":"patients","duration_ms":161,"pharmacy_id":1}
[2026-04-12 20:39:53] [DEBUG] Patient getMessages used fallback without pharmacy filter. {"patient_nic":"200367610600","pharmacy_id":4,"duration_ms":141,"fallback_duration_ms":141,"result_count":1,"pharmacist_count":1}
[2026-04-12 20:39:53] [DEBUG] Patient getMessages completed. {"patient_nic":"200367610600","pharmacy_id":4,"duration_ms":141,"result_count":1,"pharmacist_count":1}
[2026-04-12 20:40:04] [DEBUG] Pharmacist getMessages completed. {"contact_id":"200367610600","type":"patients","duration_ms":159,"pharmacy_id":1}
[2026-04-12 20:40:54] [DEBUG] Pharmacist getMessages completed. {"contact_id":"200367610600","type":"patients","duration_ms":142,"pharmacy_id":1}
[2026-04-12 20:41:03] [DEBUG] Patient getMessages used fallback without pharmacy filter. {"patient_nic":"200367610600","pharmacy_id":4,"duration_ms":140,"fallback_duration_ms":141,"result_count":1,"pharmacist_count":1}
[2026-04-12 20:41:03] [DEBUG] Patient getMessages completed. {"patient_nic":"200367610600","pharmacy_id":4,"duration_ms":140,"result_count":1,"pharmacist_count":1}
[2026-04-12 20:41:53] [DEBUG] Patient getMessages used fallback without pharmacy filter. {"patient_nic":"200367610600","pharmacy_id":4,"duration_ms":141,"fallback_duration_ms":136,"result_count":1,"pharmacist_count":1}
[2026-04-12 20:41:53] [DEBUG] Patient getMessages completed. {"patient_nic":"200367610600","pharmacy_id":4,"duration_ms":141,"result_count":1,"pharmacist_count":1}
[2026-04-12 20:42:03] [DEBUG] Pharmacist getMessages completed. {"contact_id":"200367610600","type":"patients","duration_ms":144,"pharmacy_id":1}
[2026-04-12 20:42:54] [DEBUG] Pharmacist getMessages completed. {"contact_id":"200367610600","type":"patients","duration_ms":141,"pharmacy_id":1}
[2026-04-12 20:43:03] [DEBUG] Patient getMessages used fallback without pharmacy filter. {"patient_nic":"200367610600","pharmacy_id":4,"duration_ms":137,"fallback_duration_ms":137,"result_count":1,"pharmacist_count":1}
[2026-04-12 20:43:03] [DEBUG] Patient getMessages completed. {"patient_nic":"200367610600","pharmacy_id":4,"duration_ms":137,"result_count":1,"pharmacist_count":1}
[2026-04-12 20:43:53] [DEBUG] Pharmacist getMessages completed. {"contact_id":"200367610600","type":"patients","duration_ms":139,"pharmacy_id":1}
[2026-04-12 20:44:04] [DEBUG] Patient getMessages used fallback without pharmacy filter. {"patient_nic":"200367610600","pharmacy_id":4,"duration_ms":159,"fallback_duration_ms":159,"result_count":1,"pharmacist_count":1}
[2026-04-12 20:44:04] [DEBUG] Patient getMessages completed. {"patient_nic":"200367610600","pharmacy_id":4,"duration_ms":159,"result_count":1,"pharmacist_count":1}
[2026-04-12 20:44:53] [DEBUG] Patient getMessages used fallback without pharmacy filter. {"patient_nic":"200367610600","pharmacy_id":4,"duration_ms":144,"fallback_duration_ms":146,"result_count":1,"pharmacist_count":1}
[2026-04-12 20:44:53] [DEBUG] Patient getMessages completed. {"patient_nic":"200367610600","pharmacy_id":4,"duration_ms":144,"result_count":1,"pharmacist_count":1}
[2026-04-12 20:45:03] [DEBUG] Pharmacist getMessages completed. {"contact_id":"200367610600","type":"patients","duration_ms":143,"pharmacy_id":1}
[2026-04-12 20:45:53] [DEBUG] Patient getMessages used fallback without pharmacy filter. {"patient_nic":"200367610600","pharmacy_id":4,"duration_ms":142,"fallback_duration_ms":141,"result_count":1,"pharmacist_count":1}
[2026-04-12 20:45:53] [DEBUG] Patient getMessages completed. {"patient_nic":"200367610600","pharmacy_id":4,"duration_ms":142,"result_count":1,"pharmacist_count":1}
[2026-04-12 20:46:03] [DEBUG] Pharmacist getMessages completed. {"contact_id":"200367610600","type":"patients","duration_ms":136,"pharmacy_id":1}
[2026-04-12 20:46:54] [DEBUG] Patient getMessages used fallback without pharmacy filter. {"patient_nic":"200367610600","pharmacy_id":4,"duration_ms":151,"fallback_duration_ms":151,"result_count":1,"pharmacist_count":1}
[2026-04-12 20:46:54] [DEBUG] Patient getMessages completed. {"patient_nic":"200367610600","pharmacy_id":4,"duration_ms":151,"result_count":1,"pharmacist_count":1}
[2026-04-12 20:47:05] [DEBUG] Pharmacist getMessages completed. {"contact_id":"200367610600","type":"patients","duration_ms":159,"pharmacy_id":1}
[2026-04-12 20:47:53] [DEBUG] Patient getMessages used fallback without pharmacy filter. {"patient_nic":"200367610600","pharmacy_id":4,"duration_ms":142,"fallback_duration_ms":142,"result_count":1,"pharmacist_count":1}
[2026-04-12 20:47:53] [DEBUG] Patient getMessages completed. {"patient_nic":"200367610600","pharmacy_id":4,"duration_ms":142,"result_count":1,"pharmacist_count":1}
[2026-04-12 20:48:03] [DEBUG] Pharmacist getMessages completed. {"contact_id":"200367610600","type":"patients","duration_ms":138,"pharmacy_id":1}
[2026-04-12 20:48:54] [DEBUG] Pharmacist getMessages completed. {"contact_id":"200367610600","type":"patients","duration_ms":146,"pharmacy_id":1}
[2026-04-12 20:49:05] [DEBUG] Patient getMessages used fallback without pharmacy filter. {"patient_nic":"200367610600","pharmacy_id":4,"duration_ms":161,"fallback_duration_ms":189,"result_count":1,"pharmacist_count":1}
[2026-04-12 20:49:05] [DEBUG] Patient getMessages completed. {"patient_nic":"200367610600","pharmacy_id":4,"duration_ms":161,"result_count":1,"pharmacist_count":1}
[2026-04-13 08:33:22] [DEBUG] Pharmacist getMessages completed. {"contact_id":"200367610600","type":"patients","duration_ms":141,"pharmacy_id":4}
[2026-04-13 08:33:51] [DEBUG] Pharmacist getMessages completed. {"contact_id":"200367610600","type":"patients","duration_ms":136,"pharmacy_id":4}
[2026-04-13 08:34:05] [DEBUG] Pharmacist getMessages completed. {"contact_id":"200367610600","type":"patients","duration_ms":142,"pharmacy_id":4}
[2026-04-13 08:34:17] [DEBUG] Pharmacist getMessages completed. {"contact_id":"200367610600","type":"patients","duration_ms":143,"pharmacy_id":4}
[2026-04-13 08:34:29] [DEBUG] Pharmacist getMessages completed. {"contact_id":"200367610600","type":"patients","duration_ms":141,"pharmacy_id":4}
[2026-04-13 08:34:41] [DEBUG] Pharmacist getMessages completed. {"contact_id":"200367610600","type":"patients","duration_ms":138,"pharmacy_id":4}
[2026-04-13 08:34:54] [DEBUG] Pharmacist getMessages completed. {"contact_id":"200367610600","type":"patients","duration_ms":159,"pharmacy_id":4}
[2026-04-13 08:35:05] [DEBUG] Patient getMessages used fallback without pharmacy filter. {"patient_nic":"200367610600","pharmacy_id":4,"duration_ms":140,"fallback_duration_ms":141,"result_count":1,"pharmacist_count":1}
[2026-04-13 08:35:05] [DEBUG] Patient getMessages completed. {"patient_nic":"200367610600","pharmacy_id":4,"duration_ms":140,"result_count":1,"pharmacist_count":1}
[2026-04-13 08:35:17] [DEBUG] Pharmacist getMessages completed. {"contact_id":"200367610600","type":"patients","duration_ms":140,"pharmacy_id":4}
[2026-04-13 08:35:26] [DEBUG] Patient getMessages used fallback without pharmacy filter. {"patient_nic":"200367610600","pharmacy_id":4,"duration_ms":136,"fallback_duration_ms":136,"result_count":1,"pharmacist_count":1}
[2026-04-13 08:35:26] [DEBUG] Patient getMessages completed. {"patient_nic":"200367610600","pharmacy_id":4,"duration_ms":136,"result_count":1,"pharmacist_count":1}
[2026-04-13 08:35:39] [DEBUG] Pharmacist getMessages completed. {"contact_id":"200367610600","type":"patients","duration_ms":172,"pharmacy_id":4}
[2026-04-13 08:35:50] [DEBUG] Patient message sent. {"patient_nic":"200367610600","message_len":12,"pharmacy_id":4}
[2026-04-13 08:35:50] [DEBUG] Patient getMessages completed. {"patient_nic":"200367610600","pharmacy_id":4,"duration_ms":158,"result_count":1,"pharmacist_count":0}
[2026-04-13 08:36:01] [DEBUG] Patient getMessages completed. {"patient_nic":"200367610600","pharmacy_id":4,"duration_ms":167,"result_count":1,"pharmacist_count":0}
[2026-04-13 08:36:11] [DEBUG] Pharmacist getMessages completed. {"contact_id":"200367610600","type":"patients","duration_ms":140,"pharmacy_id":4}
[2026-04-13 08:36:21] [DEBUG] Patient getMessages completed. {"patient_nic":"200367610600","pharmacy_id":4,"duration_ms":148,"result_count":1,"pharmacist_count":0}
[2026-04-13 08:36:33] [DEBUG] Pharmacist getMessages completed. {"contact_id":"200367610600","type":"patients","duration_ms":165,"pharmacy_id":4}
[2026-04-13 08:36:45] [DEBUG] Patient getMessages completed. {"patient_nic":"200367610600","pharmacy_id":4,"duration_ms":171,"result_count":1,"pharmacist_count":0}
[2026-04-13 08:36:56] [DEBUG] Pharmacist getMessages completed. {"contact_id":"200367610600","type":"patients","duration_ms":148,"pharmacy_id":4}
[2026-04-13 08:37:06] [DEBUG] Pharmacist message sent. {"pharmacist_id":8888,"contact_id":"200367610600","message_len":3,"pharmacy_id":4}
[2026-04-13 08:37:06] [DEBUG] Pharmacist getMessages completed. {"contact_id":"200367610600","type":"patients","duration_ms":144,"pharmacy_id":4}
[2026-04-13 08:37:16] [DEBUG] Patient getMessages completed. {"patient_nic":"200367610600","pharmacy_id":4,"duration_ms":143,"result_count":2,"pharmacist_count":1}
[2026-04-13 08:37:26] [DEBUG] Pharmacist getMessages completed. {"contact_id":"200367610600","type":"patients","duration_ms":136,"pharmacy_id":4}
[2026-04-13 08:37:35] [DEBUG] Patient getMessages completed. {"patient_nic":"200367610600","pharmacy_id":4,"duration_ms":137,"result_count":2,"pharmacist_count":1}
[2026-04-13 08:37:45] [DEBUG] Pharmacist getMessages completed. {"contact_id":"200367610600","type":"patients","duration_ms":138,"pharmacy_id":4}
[2026-04-13 08:37:55] [DEBUG] Patient getMessages completed. {"patient_nic":"200367610600","pharmacy_id":4,"duration_ms":142,"result_count":2,"pharmacist_count":1}
[2026-04-13 08:38:05] [DEBUG] Pharmacist getMessages completed. {"contact_id":"200367610600","type":"patients","duration_ms":135,"pharmacy_id":4}
[2026-04-13 08:38:16] [DEBUG] Patient getMessages completed. {"patient_nic":"200367610600","pharmacy_id":4,"duration_ms":166,"result_count":2,"pharmacist_count":1}
[2026-04-13 08:38:26] [DEBUG] Pharmacist getMessages completed. {"contact_id":"200367610600","type":"patients","duration_ms":135,"pharmacy_id":4}
[2026-04-13 08:38:38] [DEBUG] Pharmacist getMessages completed. {"contact_id":"200367610600","type":"patients","duration_ms":150,"pharmacy_id":4}
[2026-04-13 08:38:49] [DEBUG] Pharmacist getMessages completed. {"contact_id":"200367610600","type":"patients","duration_ms":138,"pharmacy_id":4}
[2026-04-13 08:38:58] [DEBUG] Patient getMessages completed. {"patient_nic":"200367610600","pharmacy_id":4,"duration_ms":138,"result_count":2,"pharmacist_count":1}
[2026-04-13 08:39:09] [DEBUG] Pharmacist getMessages completed. {"contact_id":"200367610600","type":"patients","duration_ms":148,"pharmacy_id":4}
[2026-04-13 08:39:21] [DEBUG] Pharmacist getMessages completed. {"contact_id":"200367610600","type":"patients","duration_ms":140,"pharmacy_id":4}
[2026-04-13 08:39:32] [DEBUG] Patient getMessages completed. {"patient_nic":"200367610600","pharmacy_id":4,"duration_ms":167,"result_count":2,"pharmacist_count":1}
[2026-04-13 08:39:44] [DEBUG] Pharmacist getMessages completed. {"contact_id":"200367610600","type":"patients","duration_ms":157,"pharmacy_id":4}
[2026-04-13 08:39:53] [DEBUG] Patient getMessages completed. {"patient_nic":"200367610600","pharmacy_id":4,"duration_ms":137,"result_count":2,"pharmacist_count":1}
[2026-04-13 08:40:05] [DEBUG] Pharmacist getMessages completed. {"contact_id":"200367610600","type":"patients","duration_ms":158,"pharmacy_id":4}
[2026-04-13 08:40:14] [DEBUG] Patient getMessages completed. {"patient_nic":"200367610600","pharmacy_id":4,"duration_ms":136,"result_count":2,"pharmacist_count":1}
[2026-04-13 08:40:25] [DEBUG] Pharmacist getMessages completed. {"contact_id":"200367610600","type":"patients","duration_ms":148,"pharmacy_id":4}
[2026-04-13 08:40:35] [DEBUG] Patient getMessages completed. {"patient_nic":"200367610600","pharmacy_id":4,"duration_ms":137,"result_count":2,"pharmacist_count":1}
[2026-04-13 08:40:45] [DEBUG] Pharmacist getMessages completed. {"contact_id":"200367610600","type":"patients","duration_ms":136,"pharmacy_id":4}
[2026-04-13 08:40:55] [DEBUG] Patient getMessages completed. {"patient_nic":"200367610600","pharmacy_id":4,"duration_ms":146,"result_count":2,"pharmacist_count":1}
[2026-04-13 08:41:07] [DEBUG] Pharmacist getMessages completed. {"contact_id":"200367610600","type":"patients","duration_ms":168,"pharmacy_id":4}
[2026-04-13 08:41:21] [DEBUG] Pharmacist getMessages completed. {"contact_id":"200367610600","type":"patients","duration_ms":137,"pharmacy_id":4}
[2026-04-13 08:41:33] [DEBUG] Pharmacist getMessages completed. {"contact_id":"200367610600","type":"patients","duration_ms":137,"pharmacy_id":4}
[2026-04-13 08:41:47] [DEBUG] Pharmacist getMessages completed. {"contact_id":"200367610600","type":"patients","duration_ms":164,"pharmacy_id":4}
[2026-04-13 08:41:56] [DEBUG] Patient getMessages completed. {"patient_nic":"200367610600","pharmacy_id":4,"duration_ms":137,"result_count":2,"pharmacist_count":1}
[2026-04-13 08:42:07] [DEBUG] Pharmacist getMessages completed. {"contact_id":"200367610600","type":"patients","duration_ms":141,"pharmacy_id":4}
[2026-04-13 08:42:21] [DEBUG] Pharmacist getMessages completed. {"contact_id":"200367610600","type":"patients","duration_ms":142,"pharmacy_id":4}
[2026-04-13 08:42:33] [DEBUG] Pharmacist getMessages completed. {"contact_id":"200367610600","type":"patients","duration_ms":142,"pharmacy_id":4}
[2026-04-13 08:42:46] [DEBUG] Pharmacist getMessages completed. {"contact_id":"200367610600","type":"patients","duration_ms":158,"pharmacy_id":4}
[2026-04-13 08:42:56] [DEBUG] Patient getMessages completed. {"patient_nic":"200367610600","pharmacy_id":4,"duration_ms":142,"result_count":2,"pharmacist_count":1}
[2026-04-13 08:43:06] [DEBUG] Pharmacist getMessages completed. {"contact_id":"200367610600","type":"patients","duration_ms":136,"pharmacy_id":4}
[2026-04-13 08:43:19] [DEBUG] Pharmacist getMessages completed. {"contact_id":"200367610600","type":"patients","duration_ms":164,"pharmacy_id":4}
[2026-04-13 08:43:33] [DEBUG] Pharmacist getMessages completed. {"contact_id":"200367610600","type":"patients","duration_ms":138,"pharmacy_id":4}
[2026-04-13 08:43:45] [DEBUG] Pharmacist getMessages completed. {"contact_id":"200367610600","type":"patients","duration_ms":143,"pharmacy_id":4}
[2026-04-13 08:43:54] [DEBUG] Patient getMessages completed. {"patient_nic":"200367610600","pharmacy_id":4,"duration_ms":136,"result_count":2,"pharmacist_count":1}
[2026-04-13 08:44:06] [DEBUG] Pharmacist getMessages completed. {"contact_id":"200367610600","type":"patients","duration_ms":158,"pharmacy_id":4}
[2026-04-13 08:44:18] [DEBUG] Pharmacist getMessages completed. {"contact_id":"200367610600","type":"patients","duration_ms":160,"pharmacy_id":4}
[2026-04-13 08:44:33] [DEBUG] Pharmacist getMessages completed. {"contact_id":"200367610600","type":"patients","duration_ms":141,"pharmacy_id":4}
[2026-04-13 08:44:45] [DEBUG] Pharmacist getMessages completed. {"contact_id":"200367610600","type":"patients","duration_ms":145,"pharmacy_id":4}
[2026-04-13 08:44:55] [DEBUG] Patient getMessages completed. {"patient_nic":"200367610600","pharmacy_id":4,"duration_ms":143,"result_count":2,"pharmacist_count":1}
[2026-04-13 08:45:05] [DEBUG] Pharmacist getMessages completed. {"contact_id":"200367610600","type":"patients","duration_ms":137,"pharmacy_id":4}
[2026-04-13 08:45:17] [DEBUG] Pharmacist getMessages completed. {"contact_id":"200367610600","type":"patients","duration_ms":140,"pharmacy_id":4}
[2026-04-13 08:45:29] [DEBUG] Pharmacist getMessages completed. {"contact_id":"200367610600","type":"patients","duration_ms":138,"pharmacy_id":4}
[2026-04-13 08:45:41] [DEBUG] Pharmacist getMessages completed. {"contact_id":"200367610600","type":"patients","duration_ms":137,"pharmacy_id":4}
[2026-04-13 08:45:52] [DEBUG] Patient getMessages completed. {"patient_nic":"200367610600","pharmacy_id":4,"duration_ms":159,"result_count":2,"pharmacist_count":1}
[2026-04-13 08:46:02] [DEBUG] Pharmacist getMessages completed. {"contact_id":"200367610600","type":"patients","duration_ms":138,"pharmacy_id":4}
[2026-04-13 08:46:50] [DEBUG] Patient getMessages completed. {"patient_nic":"200367610600","pharmacy_id":4,"duration_ms":138,"result_count":2,"pharmacist_count":1}
[2026-04-13 08:47:00] [DEBUG] Pharmacist getMessages completed. {"contact_id":"200367610600","type":"patients","duration_ms":137,"pharmacy_id":4}
[2026-04-13 08:47:11] [DEBUG] Patient getMessages completed. {"patient_nic":"200367610600","pharmacy_id":4,"duration_ms":147,"result_count":2,"pharmacist_count":1}
[2026-04-13 08:47:22] [DEBUG] Pharmacist getMessages completed. {"contact_id":"200367610600","type":"patients","duration_ms":141,"pharmacy_id":4}
[2026-04-13 08:47:31] [DEBUG] Patient getMessages completed. {"patient_nic":"200367610600","pharmacy_id":4,"duration_ms":142,"result_count":2,"pharmacist_count":1}
[2026-04-13 08:47:42] [DEBUG] Pharmacist getMessages completed. {"contact_id":"200367610600","type":"patients","duration_ms":143,"pharmacy_id":4}
[2026-04-13 08:47:51] [DEBUG] Patient getMessages completed. {"patient_nic":"200367610600","pharmacy_id":4,"duration_ms":136,"result_count":2,"pharmacist_count":1}
[2026-04-13 08:48:02] [DEBUG] Pharmacist getMessages completed. {"contact_id":"200367610600","type":"patients","duration_ms":143,"pharmacy_id":4}
[2026-04-13 08:48:13] [DEBUG] Patient getMessages completed. {"patient_nic":"200367610600","pharmacy_id":4,"duration_ms":143,"result_count":2,"pharmacist_count":1}
[2026-04-13 08:48:24] [DEBUG] Pharmacist getMessages completed. {"contact_id":"200367610600","type":"patients","duration_ms":157,"pharmacy_id":4}
[2026-04-13 08:48:37] [DEBUG] Pharmacist getMessages completed. {"contact_id":"200367610600","type":"patients","duration_ms":138,"pharmacy_id":4}
[2026-04-13 08:48:49] [DEBUG] Pharmacist getMessages completed. {"contact_id":"200367610600","type":"patients","duration_ms":142,"pharmacy_id":4}
[2026-04-13 08:49:00] [DEBUG] Patient getMessages completed. {"patient_nic":"200367610600","pharmacy_id":4,"duration_ms":157,"result_count":2,"pharmacist_count":1}
[2026-04-13 08:49:10] [DEBUG] Pharmacist getMessages completed. {"contact_id":"200367610600","type":"patients","duration_ms":137,"pharmacy_id":4}
[2026-04-13 08:49:21] [DEBUG] Pharmacist getMessages completed. {"contact_id":"200367610600","type":"patients","duration_ms":140,"pharmacy_id":4}
[2026-04-13 08:49:33] [DEBUG] Pharmacist getMessages completed. {"contact_id":"200367610600","type":"patients","duration_ms":142,"pharmacy_id":4}
[2026-04-13 08:49:45] [DEBUG] Pharmacist getMessages completed. {"contact_id":"200367610600","type":"patients","duration_ms":137,"pharmacy_id":4}
[2026-04-13 08:49:56] [DEBUG] Patient getMessages completed. {"patient_nic":"200367610600","pharmacy_id":4,"duration_ms":159,"result_count":2,"pharmacist_count":1}
[2026-04-13 08:50:06] [DEBUG] Pharmacist getMessages completed. {"contact_id":"200367610600","type":"patients","duration_ms":147,"pharmacy_id":4}
[2026-04-13 08:50:19] [DEBUG] Pharmacist getMessages completed. {"contact_id":"200367610600","type":"patients","duration_ms":167,"pharmacy_id":4}
[2026-04-13 08:50:34] [DEBUG] Pharmacist getMessages completed. {"contact_id":"200367610600","type":"patients","duration_ms":149,"pharmacy_id":4}
[2026-04-13 08:50:45] [DEBUG] Pharmacist getMessages completed. {"contact_id":"200367610600","type":"patients","duration_ms":141,"pharmacy_id":4}
[2026-04-13 08:50:55] [DEBUG] Patient getMessages completed. {"patient_nic":"200367610600","pharmacy_id":4,"duration_ms":142,"result_count":2,"pharmacist_count":1}
[2026-04-13 08:51:05] [DEBUG] Pharmacist getMessages completed. {"contact_id":"200367610600","type":"patients","duration_ms":141,"pharmacy_id":4}
[2026-04-13 08:51:17] [DEBUG] Pharmacist getMessages completed. {"contact_id":"200367610600","type":"patients","duration_ms":136,"pharmacy_id":4}
[2026-04-13 08:51:29] [DEBUG] Pharmacist getMessages completed. {"contact_id":"200367610600","type":"patients","duration_ms":143,"pharmacy_id":4}
[2026-04-13 08:51:41] [DEBUG] Pharmacist getMessages completed. {"contact_id":"200367610600","type":"patients","duration_ms":137,"pharmacy_id":4}
[2026-04-13 08:51:51] [DEBUG] Patient getMessages completed. {"patient_nic":"200367610600","pharmacy_id":4,"duration_ms":145,"result_count":2,"pharmacist_count":1}
[2026-04-13 08:52:01] [DEBUG] Pharmacist getMessages completed. {"contact_id":"200367610600","type":"patients","duration_ms":143,"pharmacy_id":4}
[2026-04-13 08:52:13] [DEBUG] Pharmacist getMessages completed. {"contact_id":"200367610600","type":"patients","duration_ms":143,"pharmacy_id":4}
[2026-04-13 08:52:51] [DEBUG] Pharmacist getMessages completed. {"contact_id":"200367610600","type":"patients","duration_ms":138,"pharmacy_id":4}
[2026-04-13 08:53:02] [DEBUG] Patient getMessages completed. {"patient_nic":"200367610600","pharmacy_id":4,"duration_ms":158,"result_count":2,"pharmacist_count":1}
[2026-04-13 08:53:51] [DEBUG] Pharmacist getMessages completed. {"contact_id":"200367610600","type":"patients","duration_ms":135,"pharmacy_id":4}
[2026-04-13 08:54:00] [DEBUG] Patient getMessages completed. {"patient_nic":"200367610600","pharmacy_id":4,"duration_ms":136,"result_count":2,"pharmacist_count":1}
[2026-04-13 08:54:17] [DEBUG] Pharmacist getMessages completed. {"contact_id":"200367610600","type":"patients","duration_ms":138,"pharmacy_id":4}
[2026-04-13 08:54:27] [DEBUG] Pharmacist getMessages completed. {"contact_id":"200367610600","type":"patients","duration_ms":137,"pharmacy_id":4}
[2026-04-13 08:54:37] [DEBUG] Patient getMessages completed. {"patient_nic":"200367610600","pharmacy_id":4,"duration_ms":140,"result_count":2,"pharmacist_count":1}
[2026-04-13 08:54:47] [DEBUG] Patient getMessages completed. {"patient_nic":"200367610600","pharmacy_id":4,"duration_ms":144,"result_count":2,"pharmacist_count":1}
[2026-04-13 08:54:59] [DEBUG] Pharmacist getMessages completed. {"contact_id":"200367610600","type":"patients","duration_ms":150,"pharmacy_id":4}
[2026-04-13 08:55:09] [DEBUG] Pharmacist getMessages completed. {"contact_id":"200367610600","type":"patients","duration_ms":141,"pharmacy_id":4}
[2026-04-13 08:55:19] [DEBUG] Patient getMessages completed. {"patient_nic":"200367610600","pharmacy_id":4,"duration_ms":142,"result_count":2,"pharmacist_count":1}
[2026-04-13 08:55:29] [DEBUG] Patient getMessages completed. {"patient_nic":"200367610600","pharmacy_id":4,"duration_ms":150,"result_count":2,"pharmacist_count":1}
[2026-04-13 08:55:38] [DEBUG] Patient message sent. {"patient_nic":"200367610600","message_len":3,"pharmacy_id":4}
[2026-04-13 08:55:39] [DEBUG] Patient getMessages completed. {"patient_nic":"200367610600","pharmacy_id":4,"duration_ms":145,"result_count":3,"pharmacist_count":1}
[2026-04-13 08:55:48] [DEBUG] Pharmacist getMessages completed. {"contact_id":"200367610600","type":"patients","duration_ms":137,"pharmacy_id":4}
[2026-04-13 08:55:59] [DEBUG] Patient getMessages completed. {"patient_nic":"200367610600","pharmacy_id":4,"duration_ms":159,"result_count":3,"pharmacist_count":1}
[2026-04-13 08:56:10] [DEBUG] Pharmacist getMessages completed. {"contact_id":"200367610600","type":"patients","duration_ms":140,"pharmacy_id":4}
[2026-04-13 08:56:20] [DEBUG] Patient getMessages completed. {"patient_nic":"200367610600","pharmacy_id":4,"duration_ms":148,"result_count":3,"pharmacist_count":1}
[2026-04-13 08:56:30] [DEBUG] Pharmacist getMessages completed. {"contact_id":"200367610600","type":"patients","duration_ms":143,"pharmacy_id":4}
[2026-04-13 08:56:41] [DEBUG] Pharmacist message sent. {"pharmacist_id":8888,"contact_id":"200367610600","message_len":4,"pharmacy_id":4}
[2026-04-13 08:56:41] [DEBUG] Pharmacist getMessages completed. {"contact_id":"200367610600","type":"patients","duration_ms":138,"pharmacy_id":4}
[2026-04-13 08:56:50] [DEBUG] Patient getMessages completed. {"patient_nic":"200367610600","pharmacy_id":4,"duration_ms":141,"result_count":4,"pharmacist_count":2}
[2026-04-13 08:57:01] [DEBUG] Pharmacist getMessages completed. {"contact_id":"200367610600","type":"patients","duration_ms":137,"pharmacy_id":4}
[2026-04-13 08:57:12] [DEBUG] Patient getMessages completed. {"patient_nic":"200367610600","pharmacy_id":4,"duration_ms":163,"result_count":4,"pharmacist_count":2}
[2026-04-13 08:57:22] [DEBUG] Pharmacist getMessages completed. {"contact_id":"200367610600","type":"patients","duration_ms":137,"pharmacy_id":4}
[2026-04-13 08:57:31] [DEBUG] Patient getMessages completed. {"patient_nic":"200367610600","pharmacy_id":4,"duration_ms":137,"result_count":4,"pharmacist_count":2}
[2026-04-13 08:57:41] [DEBUG] Pharmacist getMessages completed. {"contact_id":"200367610600","type":"patients","duration_ms":138,"pharmacy_id":4}
[2026-04-13 08:57:51] [DEBUG] Patient getMessages completed. {"patient_nic":"200367610600","pharmacy_id":4,"duration_ms":143,"result_count":4,"pharmacist_count":2}
[2026-04-13 08:58:01] [DEBUG] Pharmacist getMessages completed. {"contact_id":"200367610600","type":"patients","duration_ms":137,"pharmacy_id":4}
[2026-04-13 08:58:11] [DEBUG] Patient getMessages completed. {"patient_nic":"200367610600","pharmacy_id":4,"duration_ms":139,"result_count":4,"pharmacist_count":2}
[2026-04-13 08:58:21] [DEBUG] Pharmacist getMessages completed. {"contact_id":"200367610600","type":"patients","duration_ms":138,"pharmacy_id":4}
[2026-04-13 08:58:34] [DEBUG] Pharmacist getMessages completed. {"contact_id":"200367610600","type":"patients","duration_ms":140,"pharmacy_id":4}
[2026-04-13 08:58:48] [DEBUG] Pharmacist getMessages completed. {"contact_id":"200367610600","type":"patients","duration_ms":170,"pharmacy_id":4}
[2026-04-13 08:58:58] [DEBUG] Patient getMessages completed. {"patient_nic":"200367610600","pharmacy_id":4,"duration_ms":145,"result_count":4,"pharmacist_count":2}
[2026-04-13 08:59:08] [DEBUG] Pharmacist getMessages completed. {"contact_id":"200367610600","type":"patients","duration_ms":144,"pharmacy_id":4}
[2026-04-13 08:59:22] [DEBUG] Pharmacist getMessages completed. {"contact_id":"200367610600","type":"patients","duration_ms":136,"pharmacy_id":4}
[2026-04-13 08:59:36] [DEBUG] Pharmacist getMessages completed. {"contact_id":"200367610600","type":"patients","duration_ms":165,"pharmacy_id":4}
[2026-04-13 08:59:51] [DEBUG] Pharmacist getMessages completed. {"contact_id":"200367610600","type":"patients","duration_ms":159,"pharmacy_id":4}
[2026-04-13 09:00:03] [DEBUG] Patient getMessages completed. {"patient_nic":"200367610600","pharmacy_id":4,"duration_ms":165,"result_count":4,"pharmacist_count":2}
[2026-04-13 09:00:15] [DEBUG] Pharmacist getMessages completed. {"contact_id":"200367610600","type":"patients","duration_ms":161,"pharmacy_id":4}
[2026-04-13 09:00:27] [DEBUG] Pharmacist getMessages completed. {"contact_id":"200367610600","type":"patients","duration_ms":137,"pharmacy_id":4}
[2026-04-13 09:00:38] [DEBUG] Pharmacist getMessages completed. {"contact_id":"200367610600","type":"patients","duration_ms":138,"pharmacy_id":4}
[2026-04-13 09:00:51] [DEBUG] Pharmacist getMessages completed. {"contact_id":"200367610600","type":"patients","duration_ms":148,"pharmacy_id":4}
[2026-04-13 09:01:01] [DEBUG] Patient getMessages completed. {"patient_nic":"200367610600","pharmacy_id":4,"duration_ms":158,"result_count":4,"pharmacist_count":2}
[2026-04-13 09:01:12] [DEBUG] Pharmacist getMessages completed. {"contact_id":"200367610600","type":"patients","duration_ms":144,"pharmacy_id":4}
[2026-04-13 09:01:26] [DEBUG] Pharmacist getMessages completed. {"contact_id":"200367610600","type":"patients","duration_ms":141,"pharmacy_id":4}
[2026-04-13 09:01:38] [DEBUG] Pharmacist getMessages completed. {"contact_id":"200367610600","type":"patients","duration_ms":137,"pharmacy_id":4}
[2026-04-13 09:01:50] [DEBUG] Pharmacist getMessages completed. {"contact_id":"200367610600","type":"patients","duration_ms":143,"pharmacy_id":4}
[2026-04-13 09:02:00] [DEBUG] Patient getMessages completed. {"patient_nic":"200367610600","pharmacy_id":4,"duration_ms":137,"result_count":4,"pharmacist_count":2}
[2026-04-13 09:02:10] [DEBUG] Pharmacist getMessages completed. {"contact_id":"200367610600","type":"patients","duration_ms":136,"pharmacy_id":4}
[2026-04-13 09:02:50] [DEBUG] Patient getMessages completed. {"patient_nic":"200367610600","pharmacy_id":4,"duration_ms":137,"result_count":4,"pharmacist_count":2}
[2026-04-13 09:03:00] [DEBUG] Pharmacist getMessages completed. {"contact_id":"200367610600","type":"patients","duration_ms":137,"pharmacy_id":4}
[2026-04-13 09:03:51] [DEBUG] Pharmacist getMessages completed. {"contact_id":"200367610600","type":"patients","duration_ms":144,"pharmacy_id":4}
[2026-04-13 09:04:01] [DEBUG] Patient getMessages completed. {"patient_nic":"200367610600","pharmacy_id":4,"duration_ms":143,"result_count":4,"pharmacist_count":2}
[2026-04-13 09:04:51] [DEBUG] Pharmacist getMessages completed. {"contact_id":"200367610600","type":"patients","duration_ms":137,"pharmacy_id":4}
[2026-04-13 09:05:00] [DEBUG] Patient getMessages completed. {"patient_nic":"200367610600","pharmacy_id":4,"duration_ms":138,"result_count":4,"pharmacist_count":2}
[2026-04-13 09:05:50] [DEBUG] Patient getMessages completed. {"patient_nic":"200367610600","pharmacy_id":4,"duration_ms":139,"result_count":4,"pharmacist_count":2}
[2026-04-13 09:06:01] [DEBUG] Pharmacist getMessages completed. {"contact_id":"200367610600","type":"patients","duration_ms":149,"pharmacy_id":4}
[2026-04-13 09:06:52] [DEBUG] Pharmacist getMessages completed. {"contact_id":"200367610600","type":"patients","duration_ms":149,"pharmacy_id":4}
[2026-04-13 09:07:02] [DEBUG] Patient getMessages completed. {"patient_nic":"200367610600","pharmacy_id":4,"duration_ms":143,"result_count":4,"pharmacist_count":2}
[2026-04-13 09:07:50] [DEBUG] Patient getMessages completed. {"patient_nic":"200367610600","pharmacy_id":4,"duration_ms":139,"result_count":4,"pharmacist_count":2}
[2026-04-13 09:08:01] [DEBUG] Pharmacist getMessages completed. {"contact_id":"200367610600","type":"patients","duration_ms":144,"pharmacy_id":4}
[2026-04-13 09:08:50] [DEBUG] Patient getMessages completed. {"patient_nic":"200367610600","pharmacy_id":4,"duration_ms":142,"result_count":4,"pharmacist_count":2}
[2026-04-13 09:09:01] [DEBUG] Pharmacist getMessages completed. {"contact_id":"200367610600","type":"patients","duration_ms":142,"pharmacy_id":4}
[2026-04-13 09:09:50] [DEBUG] Patient getMessages completed. {"patient_nic":"200367610600","pharmacy_id":4,"duration_ms":139,"result_count":4,"pharmacist_count":2}
[2026-04-13 09:10:00] [DEBUG] Pharmacist getMessages completed. {"contact_id":"200367610600","type":"patients","duration_ms":138,"pharmacy_id":4}
[2026-04-13 09:10:51] [DEBUG] Pharmacist getMessages completed. {"contact_id":"200367610600","type":"patients","duration_ms":137,"pharmacy_id":4}
[2026-04-13 09:11:00] [DEBUG] Patient getMessages completed. {"patient_nic":"200367610600","pharmacy_id":4,"duration_ms":137,"result_count":4,"pharmacist_count":2}
[2026-04-13 09:11:50] [DEBUG] Patient getMessages completed. {"patient_nic":"200367610600","pharmacy_id":4,"duration_ms":139,"result_count":4,"pharmacist_count":2}
[2026-04-13 09:12:00] [DEBUG] Pharmacist getMessages completed. {"contact_id":"200367610600","type":"patients","duration_ms":144,"pharmacy_id":4}
[2026-04-13 09:12:50] [DEBUG] Patient getMessages completed. {"patient_nic":"200367610600","pharmacy_id":4,"duration_ms":142,"result_count":4,"pharmacist_count":2}
[2026-04-13 09:13:01] [DEBUG] Pharmacist getMessages completed. {"contact_id":"200367610600","type":"patients","duration_ms":138,"pharmacy_id":4}
[2026-04-13 09:13:50] [DEBUG] Patient getMessages completed. {"patient_nic":"200367610600","pharmacy_id":4,"duration_ms":143,"result_count":4,"pharmacist_count":2}
[2026-04-13 09:14:02] [DEBUG] Pharmacist getMessages completed. {"contact_id":"200367610600","type":"patients","duration_ms":155,"pharmacy_id":4}
[2026-04-13 09:14:50] [DEBUG] Patient getMessages completed. {"patient_nic":"200367610600","pharmacy_id":4,"duration_ms":139,"result_count":4,"pharmacist_count":2}
[2026-04-13 09:15:01] [DEBUG] Pharmacist getMessages completed. {"contact_id":"200367610600","type":"patients","duration_ms":143,"pharmacy_id":4}
[2026-04-13 09:15:50] [DEBUG] Patient getMessages completed. {"patient_nic":"200367610600","pharmacy_id":4,"duration_ms":145,"result_count":4,"pharmacist_count":2}
[2026-04-13 09:16:01] [DEBUG] Pharmacist getMessages completed. {"contact_id":"200367610600","type":"patients","duration_ms":139,"pharmacy_id":4}
[2026-04-13 09:16:51] [DEBUG] Pharmacist getMessages completed. {"contact_id":"200367610600","type":"patients","duration_ms":144,"pharmacy_id":4}
[2026-04-13 09:17:00] [DEBUG] Patient getMessages completed. {"patient_nic":"200367610600","pharmacy_id":4,"duration_ms":138,"result_count":4,"pharmacist_count":2}
[2026-04-13 09:17:50] [DEBUG] Patient getMessages completed. {"patient_nic":"200367610600","pharmacy_id":4,"duration_ms":138,"result_count":4,"pharmacist_count":2}
[2026-04-13 09:18:02] [DEBUG] Pharmacist getMessages completed. {"contact_id":"200367610600","type":"patients","duration_ms":168,"pharmacy_id":4}
[2026-04-13 09:18:53] [DEBUG] Pharmacist getMessages completed. {"contact_id":"200367610600","type":"patients","duration_ms":166,"pharmacy_id":4}
[2026-04-13 09:19:03] [DEBUG] Patient getMessages completed. {"patient_nic":"200367610600","pharmacy_id":4,"duration_ms":143,"result_count":4,"pharmacist_count":2}
[2026-04-13 09:19:53] [DEBUG] Pharmacist getMessages completed. {"contact_id":"200367610600","type":"patients","duration_ms":159,"pharmacy_id":4}
[2026-04-13 09:20:02] [DEBUG] Patient getMessages completed. {"patient_nic":"200367610600","pharmacy_id":4,"duration_ms":139,"result_count":4,"pharmacist_count":2}
[2026-04-13 09:20:50] [DEBUG] Patient getMessages completed. {"patient_nic":"200367610600","pharmacy_id":4,"duration_ms":142,"result_count":4,"pharmacist_count":2}
[2026-04-13 09:21:01] [DEBUG] Pharmacist getMessages completed. {"contact_id":"200367610600","type":"patients","duration_ms":138,"pharmacy_id":4}
[2026-04-13 09:21:51] [DEBUG] Patient getMessages completed. {"patient_nic":"200367610600","pharmacy_id":4,"duration_ms":148,"result_count":4,"pharmacist_count":2}
[2026-04-13 09:22:02] [DEBUG] Pharmacist getMessages completed. {"contact_id":"200367610600","type":"patients","duration_ms":160,"pharmacy_id":4}
[2026-04-13 09:22:52] [DEBUG] Patient getMessages completed. {"patient_nic":"200367610600","pharmacy_id":4,"duration_ms":165,"result_count":4,"pharmacist_count":2}
[2026-04-13 09:23:02] [DEBUG] Pharmacist getMessages completed. {"contact_id":"200367610600","type":"patients","duration_ms":139,"pharmacy_id":4}
[2026-04-13 09:23:51] [DEBUG] Pharmacist getMessages completed. {"contact_id":"200367610600","type":"patients","duration_ms":138,"pharmacy_id":4}
[2026-04-13 09:24:01] [DEBUG] Patient getMessages completed. {"patient_nic":"200367610600","pharmacy_id":4,"duration_ms":138,"result_count":4,"pharmacist_count":2}
[2026-04-13 09:24:50] [DEBUG] Patient getMessages completed. {"patient_nic":"200367610600","pharmacy_id":4,"duration_ms":139,"result_count":4,"pharmacist_count":2}
[2026-04-13 09:25:00] [DEBUG] Pharmacist getMessages completed. {"contact_id":"200367610600","type":"patients","duration_ms":139,"pharmacy_id":4}
[2026-04-13 09:25:52] [DEBUG] Patient getMessages completed. {"patient_nic":"200367610600","pharmacy_id":4,"duration_ms":155,"result_count":4,"pharmacist_count":2}
[2026-04-13 09:26:02] [DEBUG] Pharmacist getMessages completed. {"contact_id":"200367610600","type":"patients","duration_ms":138,"pharmacy_id":4}
[2026-04-13 09:26:50] [DEBUG] Patient getMessages completed. {"patient_nic":"200367610600","pharmacy_id":4,"duration_ms":143,"result_count":4,"pharmacist_count":2}
[2026-04-13 09:27:00] [DEBUG] Pharmacist getMessages completed. {"contact_id":"200367610600","type":"patients","duration_ms":138,"pharmacy_id":4}
[2026-04-13 09:27:50] [DEBUG] Patient getMessages completed. {"patient_nic":"200367610600","pharmacy_id":4,"duration_ms":142,"result_count":4,"pharmacist_count":2}
[2026-04-13 09:28:03] [DEBUG] Pharmacist getMessages completed. {"contact_id":"200367610600","type":"patients","duration_ms":174,"pharmacy_id":4}
[2026-04-13 09:28:53] [DEBUG] Pharmacist getMessages completed. {"contact_id":"200367610600","type":"patients","duration_ms":161,"pharmacy_id":4}
[2026-04-13 09:29:03] [DEBUG] Patient getMessages completed. {"patient_nic":"200367610600","pharmacy_id":4,"duration_ms":148,"result_count":4,"pharmacist_count":2}
[2026-04-13 09:29:52] [DEBUG] Pharmacist getMessages completed. {"contact_id":"200367610600","type":"patients","duration_ms":159,"pharmacy_id":4}
[2026-04-13 09:30:02] [DEBUG] Patient getMessages completed. {"patient_nic":"200367610600","pharmacy_id":4,"duration_ms":139,"result_count":4,"pharmacist_count":2}
[2026-04-13 09:30:51] [DEBUG] Pharmacist getMessages completed. {"contact_id":"200367610600","type":"patients","duration_ms":139,"pharmacy_id":4}
[2026-04-13 09:31:00] [DEBUG] Patient getMessages completed. {"patient_nic":"200367610600","pharmacy_id":4,"duration_ms":139,"result_count":4,"pharmacist_count":2}
[2026-04-13 09:31:50] [DEBUG] Patient getMessages completed. {"patient_nic":"200367610600","pharmacy_id":4,"duration_ms":137,"result_count":4,"pharmacist_count":2}
[2026-04-13 09:32:00] [DEBUG] Pharmacist getMessages completed. {"contact_id":"200367610600","type":"patients","duration_ms":139,"pharmacy_id":4}
[2026-04-13 09:32:52] [DEBUG] Pharmacist getMessages completed. {"contact_id":"200367610600","type":"patients","duration_ms":151,"pharmacy_id":4}
[2026-04-13 09:33:01] [DEBUG] Patient getMessages completed. {"patient_nic":"200367610600","pharmacy_id":4,"duration_ms":137,"result_count":4,"pharmacist_count":2}
[2026-04-13 09:33:51] [DEBUG] Patient getMessages completed. {"patient_nic":"200367610600","pharmacy_id":4,"duration_ms":154,"result_count":4,"pharmacist_count":2}
[2026-04-13 09:34:01] [DEBUG] Pharmacist getMessages completed. {"contact_id":"200367610600","type":"patients","duration_ms":138,"pharmacy_id":4}
[2026-04-13 09:34:50] [DEBUG] Patient getMessages completed. {"patient_nic":"200367610600","pharmacy_id":4,"duration_ms":142,"result_count":4,"pharmacist_count":2}
[2026-04-13 09:35:00] [DEBUG] Pharmacist getMessages completed. {"contact_id":"200367610600","type":"patients","duration_ms":138,"pharmacy_id":4}
[2026-04-13 09:35:52] [DEBUG] Pharmacist getMessages completed. {"contact_id":"200367610600","type":"patients","duration_ms":157,"pharmacy_id":4}
[2026-04-13 09:36:03] [DEBUG] Patient getMessages completed. {"patient_nic":"200367610600","pharmacy_id":4,"duration_ms":160,"result_count":4,"pharmacist_count":2}
[2026-04-13 09:36:50] [DEBUG] Patient getMessages completed. {"patient_nic":"200367610600","pharmacy_id":4,"duration_ms":138,"result_count":4,"pharmacist_count":2}
[2026-04-13 09:37:00] [DEBUG] Pharmacist getMessages completed. {"contact_id":"200367610600","type":"patients","duration_ms":142,"pharmacy_id":4}
[2026-04-13 09:37:51] [DEBUG] Patient getMessages completed. {"patient_nic":"200367610600","pharmacy_id":4,"duration_ms":155,"result_count":4,"pharmacist_count":2}
[2026-04-13 09:38:02] [DEBUG] Pharmacist getMessages completed. {"contact_id":"200367610600","type":"patients","duration_ms":154,"pharmacy_id":4}
[2026-04-13 09:38:50] [DEBUG] Patient getMessages completed. {"patient_nic":"200367610600","pharmacy_id":4,"duration_ms":138,"result_count":4,"pharmacist_count":2}
[2026-04-13 09:39:00] [DEBUG] Pharmacist getMessages completed. {"contact_id":"200367610600","type":"patients","duration_ms":138,"pharmacy_id":4}
[2026-04-13 09:39:51] [DEBUG] Pharmacist getMessages completed. {"contact_id":"200367610600","type":"patients","duration_ms":143,"pharmacy_id":4}
[2026-04-13 09:40:01] [DEBUG] Patient getMessages completed. {"patient_nic":"200367610600","pharmacy_id":4,"duration_ms":140,"result_count":4,"pharmacist_count":2}
[2026-04-13 09:40:50] [DEBUG] Patient getMessages completed. {"patient_nic":"200367610600","pharmacy_id":4,"duration_ms":142,"result_count":4,"pharmacist_count":2}
[2026-04-13 09:41:01] [DEBUG] Pharmacist getMessages completed. {"contact_id":"200367610600","type":"patients","duration_ms":150,"pharmacy_id":4}
[2026-04-13 09:41:51] [DEBUG] Pharmacist getMessages completed. {"contact_id":"200367610600","type":"patients","duration_ms":138,"pharmacy_id":4}
[2026-04-13 09:42:02] [DEBUG] Patient getMessages completed. {"patient_nic":"200367610600","pharmacy_id":4,"duration_ms":161,"result_count":4,"pharmacist_count":2}
[2026-04-13 09:42:50] [DEBUG] Patient getMessages completed. {"patient_nic":"200367610600","pharmacy_id":4,"duration_ms":144,"result_count":4,"pharmacist_count":2}
[2026-04-13 09:43:00] [DEBUG] Pharmacist getMessages completed. {"contact_id":"200367610600","type":"patients","duration_ms":138,"pharmacy_id":4}
[2026-04-13 09:43:52] [DEBUG] Pharmacist getMessages completed. {"contact_id":"200367610600","type":"patients","duration_ms":154,"pharmacy_id":4}
[2026-04-13 09:44:02] [DEBUG] Patient getMessages completed. {"patient_nic":"200367610600","pharmacy_id":4,"duration_ms":150,"result_count":4,"pharmacist_count":2}
[2026-04-13 09:44:51] [DEBUG] Pharmacist getMessages completed. {"contact_id":"200367610600","type":"patients","duration_ms":142,"pharmacy_id":4}
[2026-04-13 09:45:01] [DEBUG] Patient getMessages completed. {"patient_nic":"200367610600","pharmacy_id":4,"duration_ms":139,"result_count":4,"pharmacist_count":2}
[2026-04-13 09:45:50] [DEBUG] Patient getMessages completed. {"patient_nic":"200367610600","pharmacy_id":4,"duration_ms":142,"result_count":4,"pharmacist_count":2}
[2026-04-13 09:46:01] [DEBUG] Pharmacist getMessages completed. {"contact_id":"200367610600","type":"patients","duration_ms":138,"pharmacy_id":4}
[2026-04-13 09:46:51] [DEBUG] Pharmacist getMessages completed. {"contact_id":"200367610600","type":"patients","duration_ms":140,"pharmacy_id":4}
[2026-04-13 09:47:02] [DEBUG] Patient getMessages completed. {"patient_nic":"200367610600","pharmacy_id":4,"duration_ms":159,"result_count":4,"pharmacist_count":2}
[2026-04-13 09:47:51] [DEBUG] Pharmacist getMessages completed. {"contact_id":"200367610600","type":"patients","duration_ms":139,"pharmacy_id":4}
[2026-04-13 09:48:02] [DEBUG] Patient getMessages completed. {"patient_nic":"200367610600","pharmacy_id":4,"duration_ms":168,"result_count":4,"pharmacist_count":2}
[2026-04-13 09:48:51] [DEBUG] Pharmacist getMessages completed. {"contact_id":"200367610600","type":"patients","duration_ms":139,"pharmacy_id":4}
[2026-04-13 09:49:01] [DEBUG] Patient getMessages completed. {"patient_nic":"200367610600","pharmacy_id":4,"duration_ms":139,"result_count":4,"pharmacist_count":2}
[2026-04-13 09:49:50] [DEBUG] Patient getMessages completed. {"patient_nic":"200367610600","pharmacy_id":4,"duration_ms":142,"result_count":4,"pharmacist_count":2}
[2026-04-13 09:50:03] [DEBUG] Pharmacist getMessages completed. {"contact_id":"200367610600","type":"patients","duration_ms":175,"pharmacy_id":4}
[2026-04-13 09:50:51] [DEBUG] Pharmacist getMessages completed. {"contact_id":"200367610600","type":"patients","duration_ms":136,"pharmacy_id":4}
[2026-04-13 09:51:01] [DEBUG] Patient getMessages completed. {"patient_nic":"200367610600","pharmacy_id":4,"duration_ms":151,"result_count":4,"pharmacist_count":2}
[2026-04-13 09:51:52] [DEBUG] Pharmacist getMessages completed. {"contact_id":"200367610600","type":"patients","duration_ms":158,"pharmacy_id":4}
[2026-04-13 09:52:04] [DEBUG] Patient getMessages completed. {"patient_nic":"200367610600","pharmacy_id":4,"duration_ms":167,"result_count":4,"pharmacist_count":2}
[2026-04-13 09:52:50] [DEBUG] Patient getMessages completed. {"patient_nic":"200367610600","pharmacy_id":4,"duration_ms":137,"result_count":4,"pharmacist_count":2}
[2026-04-13 09:53:01] [DEBUG] Pharmacist getMessages completed. {"contact_id":"200367610600","type":"patients","duration_ms":145,"pharmacy_id":4}
[2026-04-15 16:27:49] [DEBUG] Pharmacist getMessages completed. {"contact_id":"200367610600","type":"patients","duration_ms":150,"pharmacy_id":4}
[2026-04-15 16:27:58] [DEBUG] Pharmacist getMessages completed. {"contact_id":"200367610600","type":"patients","duration_ms":140,"pharmacy_id":4}
[2026-04-15 16:28:06] [DEBUG] Pharmacist getMessages completed. {"contact_id":"200367610600","type":"patients","duration_ms":139,"pharmacy_id":4}
[2026-04-15 16:28:15] [DEBUG] Pharmacist getMessages completed. {"contact_id":"200367610600","type":"patients","duration_ms":157,"pharmacy_id":4}
[2026-04-15 16:28:23] [DEBUG] Pharmacist getMessages completed. {"contact_id":"200367610600","type":"patients","duration_ms":156,"pharmacy_id":4}
[2026-04-15 16:28:30] [DEBUG] Pharmacist getMessages completed. {"contact_id":"200367610600","type":"patients","duration_ms":140,"pharmacy_id":4}
[2026-04-15 16:28:38] [DEBUG] Pharmacist getMessages completed. {"contact_id":"200367610600","type":"patients","duration_ms":140,"pharmacy_id":4}
[2026-04-15 16:28:46] [DEBUG] Pharmacist getMessages completed. {"contact_id":"200367610600","type":"patients","duration_ms":139,"pharmacy_id":4}
[2026-04-15 16:28:54] [DEBUG] Pharmacist getMessages completed. {"contact_id":"200367610600","type":"patients","duration_ms":139,"pharmacy_id":4}
[2026-04-15 16:29:02] [DEBUG] Pharmacist getMessages completed. {"contact_id":"200367610600","type":"patients","duration_ms":140,"pharmacy_id":4}
[2026-04-15 16:29:10] [DEBUG] Pharmacist getMessages completed. {"contact_id":"200367610600","type":"patients","duration_ms":147,"pharmacy_id":4}
[2026-04-15 16:29:18] [DEBUG] Pharmacist getMessages completed. {"contact_id":"200367610600","type":"patients","duration_ms":140,"pharmacy_id":4}
[2026-04-15 16:29:27] [DEBUG] Pharmacist getMessages completed. {"contact_id":"200367610600","type":"patients","duration_ms":158,"pharmacy_id":4}
[2026-04-15 16:29:34] [DEBUG] Pharmacist getMessages completed. {"contact_id":"200367610600","type":"patients","duration_ms":140,"pharmacy_id":4}
[2026-04-15 16:29:43] [DEBUG] Pharmacist getMessages completed. {"contact_id":"200367610600","type":"patients","duration_ms":157,"pharmacy_id":4}
[2026-04-15 16:29:50] [DEBUG] Pharmacist getMessages completed. {"contact_id":"200367610600","type":"patients","duration_ms":139,"pharmacy_id":4}
[2026-04-15 16:29:58] [DEBUG] Pharmacist getMessages completed. {"contact_id":"200367610600","type":"patients","duration_ms":140,"pharmacy_id":4}
[2026-04-15 16:30:06] [DEBUG] Pharmacist getMessages completed. {"contact_id":"200367610600","type":"patients","duration_ms":139,"pharmacy_id":4}
[2026-04-15 16:30:14] [DEBUG] Pharmacist getMessages completed. {"contact_id":"200367610600","type":"patients","duration_ms":148,"pharmacy_id":4}
[2026-04-15 16:37:26] [DEBUG] Pharmacist getMessages completed. {"contact_id":"200367610600","type":"patients","duration_ms":139,"pharmacy_id":4}
[2026-04-15 16:48:55] [DEBUG] Pharmacist getMessages completed. {"contact_id":"200367610600","type":"patients","duration_ms":156,"pharmacy_id":4}
[2026-04-15 16:49:03] [DEBUG] Pharmacist message sent. {"pharmacist_id":8888,"contact_id":"200367610600","message_len":2,"pharmacy_id":4}
[2026-04-15 16:49:03] [DEBUG] Pharmacist getMessages completed. {"contact_id":"200367610600","type":"patients","duration_ms":156,"pharmacy_id":4}
[2026-04-15 16:49:08] [DEBUG] Pharmacist getMessages completed. {"contact_id":"200367610600","type":"patients","duration_ms":147,"pharmacy_id":4}
[2026-04-15 16:49:18] [DEBUG] Pharmacist getMessages completed. {"contact_id":"200367610600","type":"patients","duration_ms":159,"pharmacy_id":4}
[2026-04-15 16:49:24] [DEBUG] Pharmacist getMessages completed. {"contact_id":"200367610600","type":"patients","duration_ms":139,"pharmacy_id":4}
[2026-04-15 16:49:28] [DEBUG] Patient getMessages completed. {"patient_nic":"200367610600","pharmacy_id":4,"duration_ms":140,"result_count":5,"pharmacist_count":3}
[2026-04-15 16:49:32] [DEBUG] Pharmacist getMessages completed. {"contact_id":"200367610600","type":"patients","duration_ms":146,"pharmacy_id":4}
[2026-04-15 16:49:42] [DEBUG] Patient getMessages completed. {"patient_nic":"200367610600","pharmacy_id":4,"duration_ms":138,"result_count":5,"pharmacist_count":3}
[2026-04-15 16:49:46] [DEBUG] Pharmacist getMessages completed. {"contact_id":"200367610600","type":"patients","duration_ms":141,"pharmacy_id":4}
[2026-04-15 16:49:52] [DEBUG] Pharmacist getMessages completed. {"contact_id":"200367610600","type":"patients","duration_ms":140,"pharmacy_id":4}
[2026-04-15 16:50:00] [DEBUG] Pharmacist getMessages completed. {"contact_id":"200367610600","type":"patients","duration_ms":140,"pharmacy_id":4}
[2026-04-15 16:50:08] [DEBUG] Pharmacist getMessages completed. {"contact_id":"200367610600","type":"patients","duration_ms":139,"pharmacy_id":4}
[2026-04-15 16:50:16] [DEBUG] Pharmacist getMessages completed. {"contact_id":"200367610600","type":"patients","duration_ms":146,"pharmacy_id":4}
[2026-04-15 16:50:24] [DEBUG] Pharmacist getMessages completed. {"contact_id":"200367610600","type":"patients","duration_ms":139,"pharmacy_id":4}
[2026-04-15 16:50:32] [DEBUG] Pharmacist getMessages completed. {"contact_id":"200367610600","type":"patients","duration_ms":148,"pharmacy_id":4}
[2026-04-15 16:50:41] [DEBUG] Pharmacist getMessages completed. {"contact_id":"200367610600","type":"patients","duration_ms":157,"pharmacy_id":4}
[2026-04-15 16:50:48] [DEBUG] Pharmacist getMessages completed. {"contact_id":"200367610600","type":"patients","duration_ms":138,"pharmacy_id":4}
[2026-04-15 16:50:56] [DEBUG] Pharmacist getMessages completed. {"contact_id":"200367610600","type":"patients","duration_ms":147,"pharmacy_id":4}
[2026-04-15 16:51:56] [DEBUG] Pharmacist getMessages completed. {"contact_id":"200367610600","type":"patients","duration_ms":140,"pharmacy_id":4}
[2026-04-15 16:52:56] [DEBUG] Pharmacist getMessages completed. {"contact_id":"200367610600","type":"patients","duration_ms":139,"pharmacy_id":4}
[2026-04-15 16:53:56] [DEBUG] Pharmacist getMessages completed. {"contact_id":"200367610600","type":"patients","duration_ms":146,"pharmacy_id":4}
[2026-04-15 16:54:56] [DEBUG] Pharmacist getMessages completed. {"contact_id":"200367610600","type":"patients","duration_ms":146,"pharmacy_id":4}
[2026-04-15 16:55:56] [DEBUG] Pharmacist getMessages completed. {"contact_id":"200367610600","type":"patients","duration_ms":139,"pharmacy_id":4}
[2026-04-15 16:56:56] [DEBUG] Pharmacist getMessages completed. {"contact_id":"200367610600","type":"patients","duration_ms":139,"pharmacy_id":4}
[2026-04-15 16:57:13] [DEBUG] Pharmacist getMessages completed. {"contact_id":"200367610600","type":"patients","duration_ms":148,"pharmacy_id":4}
[2026-04-15 16:57:28] [DEBUG] Pharmacist getMessages completed. {"contact_id":"200367610600","type":"patients","duration_ms":148,"pharmacy_id":4}
[2026-04-17 11:48:33] [DEBUG] Patient getMessages completed. {"patient_nic":"200312500353","pharmacy_id":1,"duration_ms":1,"result_count":0,"pharmacist_count":0}
[2026-04-17 11:48:36] [DEBUG] Patient message sent. {"patient_nic":"200312500353","message_len":2,"pharmacy_id":1}
[2026-04-17 11:48:36] [DEBUG] Patient getMessages completed. {"patient_nic":"200312500353","pharmacy_id":1,"duration_ms":1,"result_count":1,"pharmacist_count":0}
[2026-04-17 11:48:37] [DEBUG] Patient getMessages completed. {"patient_nic":"200312500353","pharmacy_id":1,"duration_ms":2,"result_count":1,"pharmacist_count":0}
[2026-04-17 11:48:40] [DEBUG] Pharmacist getMessages completed. {"contact_id":"200312500353","type":"patients","duration_ms":1,"pharmacy_id":1}
[2026-04-17 11:48:41] [DEBUG] Patient getMessages completed. {"patient_nic":"200312500353","pharmacy_id":1,"duration_ms":1,"result_count":1,"pharmacist_count":0}
[2026-04-17 11:48:45] [DEBUG] Patient getMessages completed. {"patient_nic":"200312500353","pharmacy_id":1,"duration_ms":1,"result_count":1,"pharmacist_count":0}
[2026-04-17 11:48:45] [DEBUG] Pharmacist getMessages completed. {"contact_id":"200312500353","type":"patients","duration_ms":1,"pharmacy_id":1}
[2026-04-17 11:48:49] [DEBUG] Patient getMessages completed. {"patient_nic":"200312500353","pharmacy_id":1,"duration_ms":1,"result_count":1,"pharmacist_count":0}
[2026-04-17 11:48:49] [DEBUG] Pharmacist getMessages completed. {"contact_id":"200312500353","type":"patients","duration_ms":0,"pharmacy_id":1}
[2026-04-17 11:48:53] [DEBUG] Pharmacist getMessages completed. {"contact_id":"200312500353","type":"patients","duration_ms":1,"pharmacy_id":1}
[2026-04-17 11:48:57] [DEBUG] Pharmacist getMessages completed. {"contact_id":"200312500353","type":"patients","duration_ms":0,"pharmacy_id":1}
[2026-04-17 11:49:01] [DEBUG] Pharmacist getMessages completed. {"contact_id":"200312500353","type":"patients","duration_ms":0,"pharmacy_id":1}
[2026-04-17 11:49:05] [DEBUG] Pharmacist getMessages completed. {"contact_id":"200312500353","type":"patients","duration_ms":0,"pharmacy_id":1}
[2026-04-17 11:49:09] [DEBUG] Pharmacist getMessages completed. {"contact_id":"200312500353","type":"patients","duration_ms":0,"pharmacy_id":1}
[2026-04-17 11:49:13] [DEBUG] Pharmacist getMessages completed. {"contact_id":"200312500353","type":"patients","duration_ms":1,"pharmacy_id":1}
[2026-04-17 11:49:17] [DEBUG] Pharmacist getMessages completed. {"contact_id":"200312500353","type":"patients","duration_ms":1,"pharmacy_id":1}
[2026-04-17 11:49:21] [DEBUG] Pharmacist getMessages completed. {"contact_id":"200312500353","type":"patients","duration_ms":1,"pharmacy_id":1}
[2026-04-17 11:49:25] [DEBUG] Pharmacist getMessages completed. {"contact_id":"200312500353","type":"patients","duration_ms":0,"pharmacy_id":1}
[2026-04-17 11:49:28] [DEBUG] Pharmacist getMessages completed. {"contact_id":"200312500353","type":"patients","duration_ms":0,"pharmacy_id":1}
[2026-04-17 11:49:45] [DEBUG] Pharmacist getMessages completed. {"contact_id":"200312500353","type":"patients","duration_ms":0,"pharmacy_id":1}
[2026-04-17 12:34:56] [DEBUG] Patient getMessages completed. {"patient_nic":"200312500353","pharmacy_id":1,"duration_ms":1,"result_count":1,"pharmacist_count":0}
[2026-04-17 12:35:00] [DEBUG] Patient getMessages completed. {"patient_nic":"200312500353","pharmacy_id":1,"duration_ms":0,"result_count":1,"pharmacist_count":0}
[2026-04-17 12:35:05] [DEBUG] Pharmacist getMessages completed. {"contact_id":"200312500353","type":"patients","duration_ms":1,"pharmacy_id":1}
[2026-04-17 12:35:05] [DEBUG] Patient getMessages completed. {"patient_nic":"200312500353","pharmacy_id":1,"duration_ms":1,"result_count":1,"pharmacist_count":0}
[2026-04-17 12:35:09] [DEBUG] Pharmacist getMessages completed. {"contact_id":"200312500353","type":"patients","duration_ms":1,"pharmacy_id":1}
[2026-04-17 12:35:09] [DEBUG] Patient getMessages completed. {"patient_nic":"200312500353","pharmacy_id":1,"duration_ms":1,"result_count":1,"pharmacist_count":0}
[2026-04-17 12:35:13] [DEBUG] Patient getMessages completed. {"patient_nic":"200312500353","pharmacy_id":1,"duration_ms":1,"result_count":1,"pharmacist_count":0}
[2026-04-17 12:35:17] [DEBUG] Patient getMessages completed. {"patient_nic":"200312500353","pharmacy_id":1,"duration_ms":2,"result_count":1,"pharmacist_count":0}
[2026-04-17 12:35:21] [DEBUG] Patient getMessages completed. {"patient_nic":"200312500353","pharmacy_id":1,"duration_ms":1,"result_count":1,"pharmacist_count":0}
[2026-04-17 12:35:25] [DEBUG] Patient getMessages completed. {"patient_nic":"200312500353","pharmacy_id":1,"duration_ms":1,"result_count":1,"pharmacist_count":0}
[2026-04-17 12:35:29] [DEBUG] Patient getMessages completed. {"patient_nic":"200312500353","pharmacy_id":1,"duration_ms":1,"result_count":1,"pharmacist_count":0}
[2026-04-17 12:35:33] [DEBUG] Patient getMessages completed. {"patient_nic":"200312500353","pharmacy_id":1,"duration_ms":3,"result_count":1,"pharmacist_count":0}
[2026-04-17 12:35:37] [DEBUG] Patient getMessages completed. {"patient_nic":"200312500353","pharmacy_id":1,"duration_ms":3,"result_count":1,"pharmacist_count":0}
[2026-04-17 12:35:41] [DEBUG] Patient getMessages completed. {"patient_nic":"200312500353","pharmacy_id":1,"duration_ms":2,"result_count":1,"pharmacist_count":0}
[2026-04-17 12:35:45] [DEBUG] Patient getMessages completed. {"patient_nic":"200312500353","pharmacy_id":1,"duration_ms":1,"result_count":1,"pharmacist_count":0}
[2026-04-17 12:35:49] [DEBUG] Patient getMessages completed. {"patient_nic":"200312500353","pharmacy_id":1,"duration_ms":1,"result_count":1,"pharmacist_count":0}
[2026-04-17 12:35:53] [DEBUG] Patient getMessages completed. {"patient_nic":"200312500353","pharmacy_id":1,"duration_ms":1,"result_count":1,"pharmacist_count":0}
[2026-04-17 12:35:57] [DEBUG] Patient getMessages completed. {"patient_nic":"200312500353","pharmacy_id":1,"duration_ms":1,"result_count":1,"pharmacist_count":0}
[2026-04-17 12:36:01] [DEBUG] Patient getMessages completed. {"patient_nic":"200312500353","pharmacy_id":1,"duration_ms":0,"result_count":1,"pharmacist_count":0}
[2026-04-17 12:36:26] [DEBUG] Patient getMessages completed. {"patient_nic":"200312500353","pharmacy_id":1,"duration_ms":2,"result_count":1,"pharmacist_count":0}
[2026-04-17 12:37:26] [DEBUG] Patient getMessages completed. {"patient_nic":"200312500353","pharmacy_id":1,"duration_ms":1,"result_count":1,"pharmacist_count":0}
[2026-04-17 12:38:26] [DEBUG] Patient getMessages completed. {"patient_nic":"200312500353","pharmacy_id":1,"duration_ms":1,"result_count":1,"pharmacist_count":0}
[2026-04-17 12:39:26] [DEBUG] Patient getMessages completed. {"patient_nic":"200312500353","pharmacy_id":1,"duration_ms":0,"result_count":1,"pharmacist_count":0}
[2026-04-17 12:40:26] [DEBUG] Patient getMessages completed. {"patient_nic":"200312500353","pharmacy_id":1,"duration_ms":1,"result_count":1,"pharmacist_count":0}
[2026-04-17 12:40:28] [DEBUG] Patient getMessages completed. {"patient_nic":"200312500353","pharmacy_id":1,"duration_ms":1,"result_count":1,"pharmacist_count":0}
[2026-04-17 12:40:32] [DEBUG] Patient getMessages completed. {"patient_nic":"200312500353","pharmacy_id":1,"duration_ms":1,"result_count":1,"pharmacist_count":0}
[2026-04-17 12:40:36] [DEBUG] Patient getMessages completed. {"patient_nic":"200312500353","pharmacy_id":1,"duration_ms":3,"result_count":1,"pharmacist_count":0}
[2026-04-17 12:40:40] [DEBUG] Patient getMessages completed. {"patient_nic":"200312500353","pharmacy_id":1,"duration_ms":0,"result_count":1,"pharmacist_count":0}
[2026-04-17 12:40:44] [DEBUG] Patient getMessages completed. {"patient_nic":"200312500353","pharmacy_id":1,"duration_ms":1,"result_count":1,"pharmacist_count":0}
[2026-04-17 12:40:48] [DEBUG] Patient getMessages completed. {"patient_nic":"200312500353","pharmacy_id":1,"duration_ms":1,"result_count":1,"pharmacist_count":0}
[2026-04-17 12:49:40] [DEBUG] Patient getMessages completed. {"patient_nic":"200312500353","pharmacy_id":1,"duration_ms":1,"result_count":1,"pharmacist_count":0}
[2026-04-18 12:37:49] [DEBUG] Patient getMessages completed. {"patient_nic":"200312500353","pharmacy_id":1,"duration_ms":12,"result_count":1,"pharmacist_count":0}
[2026-04-18 12:37:53] [DEBUG] Patient getMessages completed. {"patient_nic":"200312500353","pharmacy_id":1,"duration_ms":2,"result_count":1,"pharmacist_count":0}
[2026-04-18 12:37:57] [DEBUG] Patient getMessages completed. {"patient_nic":"200312500353","pharmacy_id":1,"duration_ms":2,"result_count":1,"pharmacist_count":0}
[2026-04-18 12:38:01] [DEBUG] Patient getMessages completed. {"patient_nic":"200312500353","pharmacy_id":1,"duration_ms":3,"result_count":1,"pharmacist_count":0}
[2026-04-18 12:38:05] [DEBUG] Patient getMessages completed. {"patient_nic":"200312500353","pharmacy_id":1,"duration_ms":3,"result_count":1,"pharmacist_count":0}
[2026-04-18 12:38:09] [DEBUG] Patient getMessages completed. {"patient_nic":"200312500353","pharmacy_id":1,"duration_ms":3,"result_count":1,"pharmacist_count":0}
[2026-04-18 12:38:13] [DEBUG] Patient getMessages completed. {"patient_nic":"200312500353","pharmacy_id":1,"duration_ms":1,"result_count":1,"pharmacist_count":0}
[2026-04-18 12:38:17] [DEBUG] Patient getMessages completed. {"patient_nic":"200312500353","pharmacy_id":1,"duration_ms":2,"result_count":1,"pharmacist_count":0}
[2026-04-18 12:38:21] [DEBUG] Patient getMessages completed. {"patient_nic":"200312500353","pharmacy_id":1,"duration_ms":3,"result_count":1,"pharmacist_count":0}
[2026-04-18 12:38:25] [DEBUG] Patient getMessages completed. {"patient_nic":"200312500353","pharmacy_id":1,"duration_ms":2,"result_count":1,"pharmacist_count":0}
[2026-04-18 12:38:29] [DEBUG] Patient getMessages completed. {"patient_nic":"200312500353","pharmacy_id":1,"duration_ms":5,"result_count":1,"pharmacist_count":0}
[2026-04-18 12:38:33] [DEBUG] Patient getMessages completed. {"patient_nic":"200312500353","pharmacy_id":1,"duration_ms":1,"result_count":1,"pharmacist_count":0}
[2026-04-18 12:38:37] [DEBUG] Patient getMessages completed. {"patient_nic":"200312500353","pharmacy_id":1,"duration_ms":2,"result_count":1,"pharmacist_count":0}
[2026-04-19 14:48:01] [DEBUG] Pharmacist getMessages completed. {"contact_id":"200312500353","type":"patients","duration_ms":1,"pharmacy_id":1}
